{"C:\\Users\\Hancel\\Desktop\\LiftLog\\backend\\server.js": {"path":"C:\\Users\\Hancel\\Desktop\\LiftLog\\backend\\server.js","statementMap":{"0":{"start":{"line":1,"column":16},"end":{"line":1,"column":34}},"1":{"start":{"line":2,"column":17},"end":{"line":2,"column":36}},"2":{"start":{"line":3,"column":13},"end":{"line":3,"column":28}},"3":{"start":{"line":4,"column":15},"end":{"line":4,"column":32}},"4":{"start":{"line":7,"column":0},"end":{"line":7,"column":16}},"5":{"start":{"line":9,"column":12},"end":{"line":9,"column":21}},"6":{"start":{"line":10,"column":13},"end":{"line":10,"column":37}},"7":{"start":{"line":13,"column":0},"end":{"line":17,"column":4}},"8":{"start":{"line":18,"column":0},"end":{"line":18,"column":24}},"9":{"start":{"line":19,"column":0},"end":{"line":22,"column":3}},"10":{"start":{"line":20,"column":2},"end":{"line":20,"column":76}},"11":{"start":{"line":21,"column":2},"end":{"line":21,"column":9}},"12":{"start":{"line":25,"column":0},"end":{"line":34,"column":1}},"13":{"start":{"line":26,"column":2},"end":{"line":33,"column":67}},"14":{"start":{"line":32,"column":14},"end":{"line":32,"column":59}},"15":{"start":{"line":33,"column":18},"end":{"line":33,"column":65}},"16":{"start":{"line":37,"column":19},"end":{"line":37,"column":43}},"17":{"start":{"line":38,"column":22},"end":{"line":38,"column":50}},"18":{"start":{"line":41,"column":0},"end":{"line":41,"column":33}},"19":{"start":{"line":42,"column":0},"end":{"line":42,"column":40}},"20":{"start":{"line":45,"column":0},"end":{"line":48,"column":3}},"21":{"start":{"line":46,"column":2},"end":{"line":46,"column":27}},"22":{"start":{"line":47,"column":2},"end":{"line":47,"column":43}},"23":{"start":{"line":51,"column":0},"end":{"line":55,"column":1}},"24":{"start":{"line":52,"column":2},"end":{"line":54,"column":5}},"25":{"start":{"line":53,"column":4},"end":{"line":53,"column":50}},"26":{"start":{"line":57,"column":0},"end":{"line":57,"column":21}}},"fnMap":{"0":{"name":"(anonymous_0)","decl":{"start":{"line":19,"column":8},"end":{"line":19,"column":9}},"loc":{"start":{"line":19,"column":28},"end":{"line":22,"column":1}},"line":19},"1":{"name":"(anonymous_1)","decl":{"start":{"line":32,"column":8},"end":{"line":32,"column":9}},"loc":{"start":{"line":32,"column":14},"end":{"line":32,"column":59}},"line":32},"2":{"name":"(anonymous_2)","decl":{"start":{"line":33,"column":9},"end":{"line":33,"column":10}},"loc":{"start":{"line":33,"column":18},"end":{"line":33,"column":65}},"line":33},"3":{"name":"(anonymous_3)","decl":{"start":{"line":45,"column":8},"end":{"line":45,"column":9}},"loc":{"start":{"line":45,"column":33},"end":{"line":48,"column":1}},"line":45},"4":{"name":"(anonymous_4)","decl":{"start":{"line":52,"column":30},"end":{"line":52,"column":31}},"loc":{"start":{"line":52,"column":36},"end":{"line":54,"column":3}},"line":52}},"branchMap":{"0":{"loc":{"start":{"line":10,"column":13},"end":{"line":10,"column":37}},"type":"binary-expr","locations":[{"start":{"line":10,"column":13},"end":{"line":10,"column":29}},{"start":{"line":10,"column":33},"end":{"line":10,"column":37}}],"line":10},"1":{"loc":{"start":{"line":25,"column":0},"end":{"line":34,"column":1}},"type":"if","locations":[{"start":{"line":25,"column":0},"end":{"line":34,"column":1}},{"start":{},"end":{}}],"line":25},"2":{"loc":{"start":{"line":51,"column":0},"end":{"line":55,"column":1}},"type":"if","locations":[{"start":{"line":51,"column":0},"end":{"line":55,"column":1}},{"start":{},"end":{}}],"line":51}},"s":{"0":2,"1":2,"2":2,"3":2,"4":2,"5":2,"6":2,"7":2,"8":2,"9":2,"10":37,"11":37,"12":2,"13":0,"14":0,"15":0,"16":2,"17":2,"18":2,"19":2,"20":2,"21":0,"22":0,"23":2,"24":0,"25":0,"26":2},"f":{"0":37,"1":0,"2":0,"3":0,"4":0},"b":{"0":[2,0],"1":[0,2],"2":[0,2]},"_coverageSchema":"1a1c01bbd47fc00a2c39e90264f33305004495a9","hash":"d6767f508a6a10b2ec8e8c85517881ca42f17f73"}
,"C:\\Users\\Hancel\\Desktop\\LiftLog\\backend\\middleware\\auth.js": {"path":"C:\\Users\\Hancel\\Desktop\\LiftLog\\backend\\middleware\\auth.js","statementMap":{"0":{"start":{"line":1,"column":12},"end":{"line":1,"column":35}},"1":{"start":{"line":2,"column":13},"end":{"line":2,"column":38}},"2":{"start":{"line":5,"column":20},"end":{"line":25,"column":1}},"3":{"start":{"line":6,"column":2},"end":{"line":24,"column":3}},"4":{"start":{"line":7,"column":18},"end":{"line":7,"column":69}},"5":{"start":{"line":9,"column":4},"end":{"line":11,"column":5}},"6":{"start":{"line":10,"column":6},"end":{"line":10,"column":66}},"7":{"start":{"line":13,"column":20},"end":{"line":13,"column":61}},"8":{"start":{"line":14,"column":17},"end":{"line":14,"column":60}},"9":{"start":{"line":16,"column":4},"end":{"line":18,"column":5}},"10":{"start":{"line":17,"column":6},"end":{"line":17,"column":62}},"11":{"start":{"line":20,"column":4},"end":{"line":20,"column":20}},"12":{"start":{"line":21,"column":4},"end":{"line":21,"column":11}},"13":{"start":{"line":23,"column":4},"end":{"line":23,"column":59}},"14":{"start":{"line":28,"column":18},"end":{"line":40,"column":1}},"15":{"start":{"line":29,"column":2},"end":{"line":39,"column":4}},"16":{"start":{"line":30,"column":4},"end":{"line":32,"column":5}},"17":{"start":{"line":31,"column":6},"end":{"line":31,"column":72}},"18":{"start":{"line":34,"column":4},"end":{"line":36,"column":5}},"19":{"start":{"line":35,"column":6},"end":{"line":35,"column":62}},"20":{"start":{"line":38,"column":4},"end":{"line":38,"column":11}},"21":{"start":{"line":43,"column":22},"end":{"line":52,"column":1}},"22":{"start":{"line":44,"column":2},"end":{"line":51,"column":4}},"23":{"start":{"line":54,"column":0},"end":{"line":58,"column":2}}},"fnMap":{"0":{"name":"(anonymous_0)","decl":{"start":{"line":5,"column":20},"end":{"line":5,"column":21}},"loc":{"start":{"line":5,"column":46},"end":{"line":25,"column":1}},"line":5},"1":{"name":"(anonymous_1)","decl":{"start":{"line":28,"column":18},"end":{"line":28,"column":19}},"loc":{"start":{"line":28,"column":29},"end":{"line":40,"column":1}},"line":28},"2":{"name":"(anonymous_2)","decl":{"start":{"line":29,"column":9},"end":{"line":29,"column":10}},"loc":{"start":{"line":29,"column":29},"end":{"line":39,"column":3}},"line":29},"3":{"name":"(anonymous_3)","decl":{"start":{"line":43,"column":22},"end":{"line":43,"column":23}},"loc":{"start":{"line":43,"column":32},"end":{"line":52,"column":1}},"line":43}},"branchMap":{"0":{"loc":{"start":{"line":9,"column":4},"end":{"line":11,"column":5}},"type":"if","locations":[{"start":{"line":9,"column":4},"end":{"line":11,"column":5}},{"start":{},"end":{}}],"line":9},"1":{"loc":{"start":{"line":16,"column":4},"end":{"line":18,"column":5}},"type":"if","locations":[{"start":{"line":16,"column":4},"end":{"line":18,"column":5}},{"start":{},"end":{}}],"line":16},"2":{"loc":{"start":{"line":30,"column":4},"end":{"line":32,"column":5}},"type":"if","locations":[{"start":{"line":30,"column":4},"end":{"line":32,"column":5}},{"start":{},"end":{}}],"line":30},"3":{"loc":{"start":{"line":34,"column":4},"end":{"line":36,"column":5}},"type":"if","locations":[{"start":{"line":34,"column":4},"end":{"line":36,"column":5}},{"start":{},"end":{}}],"line":34}},"s":{"0":2,"1":2,"2":2,"3":12,"4":12,"5":12,"6":2,"7":10,"8":10,"9":10,"10":0,"11":10,"12":10,"13":0,"14":2,"15":14,"16":5,"17":0,"18":5,"19":0,"20":5,"21":2,"22":23,"23":2},"f":{"0":12,"1":14,"2":5,"3":23},"b":{"0":[2,10],"1":[0,10],"2":[0,5],"3":[0,5]},"_coverageSchema":"1a1c01bbd47fc00a2c39e90264f33305004495a9","hash":"21d380d6a092ab0a68743fbc33e67176bfd4e9b4"}
,"C:\\Users\\Hancel\\Desktop\\LiftLog\\backend\\models\\User.js": {"path":"C:\\Users\\Hancel\\Desktop\\LiftLog\\backend\\models\\User.js","statementMap":{"0":{"start":{"line":1,"column":17},"end":{"line":1,"column":36}},"1":{"start":{"line":2,"column":15},"end":{"line":2,"column":34}},"2":{"start":{"line":4,"column":19},"end":{"line":46,"column":2}},"3":{"start":{"line":49,"column":0},"end":{"line":54,"column":3}},"4":{"start":{"line":50,"column":2},"end":{"line":52,"column":3}},"5":{"start":{"line":51,"column":4},"end":{"line":51,"column":57}},"6":{"start":{"line":53,"column":2},"end":{"line":53,"column":9}},"7":{"start":{"line":57,"column":0},"end":{"line":59,"column":2}},"8":{"start":{"line":58,"column":2},"end":{"line":58,"column":58}},"9":{"start":{"line":62,"column":0},"end":{"line":64,"column":2}},"10":{"start":{"line":63,"column":2},"end":{"line":63,"column":49}},"11":{"start":{"line":66,"column":13},"end":{"line":66,"column":47}},"12":{"start":{"line":67,"column":0},"end":{"line":67,"column":22}}},"fnMap":{"0":{"name":"(anonymous_0)","decl":{"start":{"line":49,"column":23},"end":{"line":49,"column":24}},"loc":{"start":{"line":49,"column":44},"end":{"line":54,"column":1}},"line":49},"1":{"name":"(anonymous_1)","decl":{"start":{"line":57,"column":37},"end":{"line":57,"column":38}},"loc":{"start":{"line":57,"column":71},"end":{"line":59,"column":1}},"line":57},"2":{"name":"(anonymous_2)","decl":{"start":{"line":62,"column":40},"end":{"line":62,"column":41}},"loc":{"start":{"line":62,"column":51},"end":{"line":64,"column":1}},"line":62}},"branchMap":{"0":{"loc":{"start":{"line":50,"column":2},"end":{"line":52,"column":3}},"type":"if","locations":[{"start":{"line":50,"column":2},"end":{"line":52,"column":3}},{"start":{},"end":{}}],"line":50}},"s":{"0":2,"1":2,"2":2,"3":2,"4":27,"5":27,"6":27,"7":2,"8":23,"9":2,"10":22,"11":2,"12":2},"f":{"0":27,"1":23,"2":22},"b":{"0":[27,0]},"_coverageSchema":"1a1c01bbd47fc00a2c39e90264f33305004495a9","hash":"73952d86d869603364691ff8ba6402b41337fb8b"}
,"C:\\Users\\Hancel\\Desktop\\LiftLog\\backend\\models\\Workout.js": {"path":"C:\\Users\\Hancel\\Desktop\\LiftLog\\backend\\models\\Workout.js","statementMap":{"0":{"start":{"line":1,"column":17},"end":{"line":1,"column":36}},"1":{"start":{"line":3,"column":23},"end":{"line":28,"column":2}},"2":{"start":{"line":30,"column":22},"end":{"line":84,"column":2}},"3":{"start":{"line":87,"column":0},"end":{"line":91,"column":2}},"4":{"start":{"line":88,"column":2},"end":{"line":90,"column":8}},"5":{"start":{"line":89,"column":4},"end":{"line":89,"column":69}},"6":{"start":{"line":93,"column":16},"end":{"line":93,"column":56}},"7":{"start":{"line":95,"column":0},"end":{"line":95,"column":25}}},"fnMap":{"0":{"name":"(anonymous_0)","decl":{"start":{"line":87,"column":45},"end":{"line":87,"column":46}},"loc":{"start":{"line":87,"column":56},"end":{"line":91,"column":1}},"line":87},"1":{"name":"(anonymous_1)","decl":{"start":{"line":88,"column":31},"end":{"line":88,"column":32}},"loc":{"start":{"line":88,"column":52},"end":{"line":90,"column":3}},"line":88}},"branchMap":{},"s":{"0":2,"1":2,"2":2,"3":2,"4":0,"5":0,"6":2,"7":2},"f":{"0":0,"1":0},"b":{},"_coverageSchema":"1a1c01bbd47fc00a2c39e90264f33305004495a9","hash":"6ae2b9f298ccf61484c2a10cc5651e6767188472"}
,"C:\\Users\\Hancel\\Desktop\\LiftLog\\backend\\routes\\auth.js": {"path":"C:\\Users\\Hancel\\Desktop\\LiftLog\\backend\\routes\\auth.js","statementMap":{"0":{"start":{"line":1,"column":16},"end":{"line":1,"column":34}},"1":{"start":{"line":2,"column":15},"end":{"line":2,"column":31}},"2":{"start":{"line":3,"column":13},"end":{"line":3,"column":38}},"3":{"start":{"line":4,"column":50},"end":{"line":4,"column":79}},"4":{"start":{"line":7,"column":0},"end":{"line":58,"column":3}},"5":{"start":{"line":8,"column":2},"end":{"line":57,"column":3}},"6":{"start":{"line":16,"column":8},"end":{"line":16,"column":16}},"7":{"start":{"line":19,"column":25},"end":{"line":21,"column":6}},"8":{"start":{"line":23,"column":4},"end":{"line":27,"column":5}},"9":{"start":{"line":24,"column":6},"end":{"line":26,"column":9}},"10":{"start":{"line":30,"column":17},"end":{"line":38,"column":6}},"11":{"start":{"line":40,"column":4},"end":{"line":40,"column":22}},"12":{"start":{"line":43,"column":18},"end":{"line":43,"column":37}},"13":{"start":{"line":45,"column":4},"end":{"line":54,"column":7}},"14":{"start":{"line":56,"column":4},"end":{"line":56,"column":51}},"15":{"start":{"line":61,"column":0},"end":{"line":106,"column":3}},"16":{"start":{"line":62,"column":2},"end":{"line":105,"column":3}},"17":{"start":{"line":63,"column":38},"end":{"line":63,"column":46}},"18":{"start":{"line":66,"column":17},"end":{"line":66,"column":46}},"19":{"start":{"line":68,"column":4},"end":{"line":70,"column":5}},"20":{"start":{"line":69,"column":6},"end":{"line":69,"column":74}},"21":{"start":{"line":73,"column":20},"end":{"line":73,"column":56}},"22":{"start":{"line":75,"column":4},"end":{"line":77,"column":5}},"23":{"start":{"line":76,"column":6},"end":{"line":76,"column":74}},"24":{"start":{"line":80,"column":4},"end":{"line":84,"column":5}},"25":{"start":{"line":81,"column":6},"end":{"line":83,"column":9}},"26":{"start":{"line":87,"column":4},"end":{"line":89,"column":5}},"27":{"start":{"line":88,"column":6},"end":{"line":88,"column":71}},"28":{"start":{"line":92,"column":18},"end":{"line":92,"column":37}},"29":{"start":{"line":94,"column":4},"end":{"line":102,"column":7}},"30":{"start":{"line":104,"column":4},"end":{"line":104,"column":51}},"31":{"start":{"line":109,"column":0},"end":{"line":116,"column":3}},"32":{"start":{"line":110,"column":2},"end":{"line":115,"column":3}},"33":{"start":{"line":111,"column":17},"end":{"line":111,"column":70}},"34":{"start":{"line":112,"column":4},"end":{"line":112,"column":19}},"35":{"start":{"line":114,"column":4},"end":{"line":114,"column":51}},"36":{"start":{"line":119,"column":0},"end":{"line":132,"column":3}},"37":{"start":{"line":120,"column":2},"end":{"line":131,"column":3}},"38":{"start":{"line":121,"column":20},"end":{"line":121,"column":28}},"39":{"start":{"line":122,"column":17},"end":{"line":126,"column":25}},"40":{"start":{"line":128,"column":4},"end":{"line":128,"column":19}},"41":{"start":{"line":130,"column":4},"end":{"line":130,"column":51}},"42":{"start":{"line":135,"column":0},"end":{"line":157,"column":3}},"43":{"start":{"line":139,"column":4},"end":{"line":156,"column":5}},"44":{"start":{"line":140,"column":25},"end":{"line":140,"column":35}},"45":{"start":{"line":141,"column":39},"end":{"line":141,"column":47}},"46":{"start":{"line":143,"column":19},"end":{"line":147,"column":27}},"47":{"start":{"line":149,"column":6},"end":{"line":151,"column":7}},"48":{"start":{"line":150,"column":8},"end":{"line":150,"column":65}},"49":{"start":{"line":153,"column":6},"end":{"line":153,"column":21}},"50":{"start":{"line":155,"column":6},"end":{"line":155,"column":53}},"51":{"start":{"line":159,"column":0},"end":{"line":159,"column":24}}},"fnMap":{"0":{"name":"(anonymous_0)","decl":{"start":{"line":7,"column":25},"end":{"line":7,"column":26}},"loc":{"start":{"line":7,"column":45},"end":{"line":58,"column":1}},"line":7},"1":{"name":"(anonymous_1)","decl":{"start":{"line":61,"column":22},"end":{"line":61,"column":23}},"loc":{"start":{"line":61,"column":42},"end":{"line":106,"column":1}},"line":61},"2":{"name":"(anonymous_2)","decl":{"start":{"line":109,"column":36},"end":{"line":109,"column":37}},"loc":{"start":{"line":109,"column":56},"end":{"line":116,"column":1}},"line":109},"3":{"name":"(anonymous_3)","decl":{"start":{"line":119,"column":38},"end":{"line":119,"column":39}},"loc":{"start":{"line":119,"column":58},"end":{"line":132,"column":1}},"line":119},"4":{"name":"(anonymous_4)","decl":{"start":{"line":138,"column":2},"end":{"line":138,"column":3}},"loc":{"start":{"line":138,"column":22},"end":{"line":157,"column":1}},"line":138}},"branchMap":{"0":{"loc":{"start":{"line":13,"column":6},"end":{"line":13,"column":21}},"type":"default-arg","locations":[{"start":{"line":13,"column":13},"end":{"line":13,"column":21}}],"line":13},"1":{"loc":{"start":{"line":23,"column":4},"end":{"line":27,"column":5}},"type":"if","locations":[{"start":{"line":23,"column":4},"end":{"line":27,"column":5}},{"start":{},"end":{}}],"line":23},"2":{"loc":{"start":{"line":35,"column":28},"end":{"line":36,"column":55}},"type":"binary-expr","locations":[{"start":{"line":35,"column":28},"end":{"line":35,"column":48}},{"start":{"line":36,"column":8},"end":{"line":36,"column":55}}],"line":35},"3":{"loc":{"start":{"line":68,"column":4},"end":{"line":70,"column":5}},"type":"if","locations":[{"start":{"line":68,"column":4},"end":{"line":70,"column":5}},{"start":{},"end":{}}],"line":68},"4":{"loc":{"start":{"line":75,"column":4},"end":{"line":77,"column":5}},"type":"if","locations":[{"start":{"line":75,"column":4},"end":{"line":77,"column":5}},{"start":{},"end":{}}],"line":75},"5":{"loc":{"start":{"line":80,"column":4},"end":{"line":84,"column":5}},"type":"if","locations":[{"start":{"line":80,"column":4},"end":{"line":84,"column":5}},{"start":{},"end":{}}],"line":80},"6":{"loc":{"start":{"line":80,"column":8},"end":{"line":80,"column":34}},"type":"binary-expr","locations":[{"start":{"line":80,"column":8},"end":{"line":80,"column":12}},{"start":{"line":80,"column":16},"end":{"line":80,"column":34}}],"line":80},"7":{"loc":{"start":{"line":87,"column":4},"end":{"line":89,"column":5}},"type":"if","locations":[{"start":{"line":87,"column":4},"end":{"line":89,"column":5}},{"start":{},"end":{}}],"line":87},"8":{"loc":{"start":{"line":149,"column":6},"end":{"line":151,"column":7}},"type":"if","locations":[{"start":{"line":149,"column":6},"end":{"line":151,"column":7}},{"start":{},"end":{}}],"line":149}},"s":{"0":2,"1":2,"2":2,"3":2,"4":2,"5":2,"6":2,"7":2,"8":2,"9":1,"10":1,"11":1,"12":1,"13":1,"14":0,"15":2,"16":23,"17":23,"18":23,"19":23,"20":0,"21":23,"22":23,"23":1,"24":22,"25":0,"26":22,"27":0,"28":22,"29":22,"30":0,"31":2,"32":1,"33":1,"34":1,"35":0,"36":2,"37":0,"38":0,"39":0,"40":0,"41":0,"42":2,"43":0,"44":0,"45":0,"46":0,"47":0,"48":0,"49":0,"50":0,"51":2},"f":{"0":2,"1":23,"2":1,"3":0,"4":0},"b":{"0":[1],"1":[1,1],"2":[1,1],"3":[0,23],"4":[1,22],"5":[0,22],"6":[22,0],"7":[0,22],"8":[0,0]},"_coverageSchema":"1a1c01bbd47fc00a2c39e90264f33305004495a9","hash":"f7a5e2020b19775f3a1bfb7a495d4032f8a5bd01"}
,"C:\\Users\\Hancel\\Desktop\\LiftLog\\backend\\routes\\workouts.js": {"path":"C:\\Users\\Hancel\\Desktop\\LiftLog\\backend\\routes\\workouts.js","statementMap":{"0":{"start":{"line":1,"column":16},"end":{"line":1,"column":34}},"1":{"start":{"line":2,"column":15},"end":{"line":2,"column":31}},"2":{"start":{"line":3,"column":16},"end":{"line":3,"column":44}},"3":{"start":{"line":4,"column":35},"end":{"line":4,"column":64}},"4":{"start":{"line":7,"column":0},"end":{"line":24,"column":3}},"5":{"start":{"line":8,"column":2},"end":{"line":23,"column":3}},"6":{"start":{"line":9,"column":24},"end":{"line":12,"column":5}},"7":{"start":{"line":14,"column":20},"end":{"line":14,"column":44}},"8":{"start":{"line":15,"column":4},"end":{"line":15,"column":25}},"9":{"start":{"line":17,"column":4},"end":{"line":20,"column":7}},"10":{"start":{"line":22,"column":4},"end":{"line":22,"column":51}},"11":{"start":{"line":27,"column":0},"end":{"line":62,"column":3}},"12":{"start":{"line":28,"column":2},"end":{"line":61,"column":3}},"13":{"start":{"line":34,"column":8},"end":{"line":34,"column":17}},"14":{"start":{"line":36,"column":18},"end":{"line":36,"column":40}},"15":{"start":{"line":38,"column":4},"end":{"line":43,"column":5}},"16":{"start":{"line":39,"column":6},"end":{"line":42,"column":8}},"17":{"start":{"line":45,"column":21},"end":{"line":49,"column":31}},"18":{"start":{"line":51,"column":18},"end":{"line":51,"column":53}},"19":{"start":{"line":53,"column":4},"end":{"line":58,"column":7}},"20":{"start":{"line":60,"column":4},"end":{"line":60,"column":51}},"21":{"start":{"line":65,"column":0},"end":{"line":78,"column":3}},"22":{"start":{"line":66,"column":2},"end":{"line":77,"column":3}},"23":{"start":{"line":67,"column":17},"end":{"line":67,"column":42}},"24":{"start":{"line":69,"column":21},"end":{"line":72,"column":66}},"25":{"start":{"line":74,"column":4},"end":{"line":74,"column":27}},"26":{"start":{"line":76,"column":4},"end":{"line":76,"column":51}},"27":{"start":{"line":81,"column":0},"end":{"line":109,"column":3}},"28":{"start":{"line":82,"column":2},"end":{"line":108,"column":3}},"29":{"start":{"line":83,"column":26},"end":{"line":83,"column":36}},"30":{"start":{"line":84,"column":37},"end":{"line":84,"column":46}},"31":{"start":{"line":86,"column":21},"end":{"line":93,"column":31}},"32":{"start":{"line":95,"column":18},"end":{"line":98,"column":6}},"33":{"start":{"line":100,"column":4},"end":{"line":105,"column":7}},"34":{"start":{"line":107,"column":4},"end":{"line":107,"column":51}},"35":{"start":{"line":112,"column":0},"end":{"line":132,"column":3}},"36":{"start":{"line":113,"column":2},"end":{"line":131,"column":3}},"37":{"start":{"line":114,"column":20},"end":{"line":114,"column":57}},"38":{"start":{"line":116,"column":4},"end":{"line":118,"column":5}},"39":{"start":{"line":117,"column":6},"end":{"line":117,"column":66}},"40":{"start":{"line":121,"column":4},"end":{"line":126,"column":5}},"41":{"start":{"line":125,"column":6},"end":{"line":125,"column":68}},"42":{"start":{"line":128,"column":4},"end":{"line":128,"column":22}},"43":{"start":{"line":130,"column":4},"end":{"line":130,"column":51}},"44":{"start":{"line":135,"column":0},"end":{"line":164,"column":3}},"45":{"start":{"line":136,"column":2},"end":{"line":163,"column":3}},"46":{"start":{"line":137,"column":20},"end":{"line":137,"column":57}},"47":{"start":{"line":139,"column":4},"end":{"line":141,"column":5}},"48":{"start":{"line":140,"column":6},"end":{"line":140,"column":66}},"49":{"start":{"line":144,"column":4},"end":{"line":149,"column":5}},"50":{"start":{"line":148,"column":6},"end":{"line":148,"column":84}},"51":{"start":{"line":151,"column":27},"end":{"line":155,"column":5}},"52":{"start":{"line":157,"column":4},"end":{"line":160,"column":7}},"53":{"start":{"line":162,"column":4},"end":{"line":162,"column":51}},"54":{"start":{"line":167,"column":0},"end":{"line":189,"column":3}},"55":{"start":{"line":168,"column":2},"end":{"line":188,"column":3}},"56":{"start":{"line":169,"column":20},"end":{"line":169,"column":57}},"57":{"start":{"line":171,"column":4},"end":{"line":173,"column":5}},"58":{"start":{"line":172,"column":6},"end":{"line":172,"column":66}},"59":{"start":{"line":176,"column":4},"end":{"line":181,"column":5}},"60":{"start":{"line":180,"column":6},"end":{"line":180,"column":84}},"61":{"start":{"line":183,"column":4},"end":{"line":183,"column":27}},"62":{"start":{"line":185,"column":4},"end":{"line":185,"column":58}},"63":{"start":{"line":187,"column":4},"end":{"line":187,"column":51}},"64":{"start":{"line":192,"column":0},"end":{"line":229,"column":3}},"65":{"start":{"line":196,"column":4},"end":{"line":228,"column":5}},"66":{"start":{"line":202,"column":10},"end":{"line":202,"column":19}},"67":{"start":{"line":204,"column":20},"end":{"line":204,"column":47}},"68":{"start":{"line":206,"column":6},"end":{"line":211,"column":7}},"69":{"start":{"line":207,"column":8},"end":{"line":210,"column":10}},"70":{"start":{"line":213,"column":23},"end":{"line":216,"column":33}},"71":{"start":{"line":218,"column":20},"end":{"line":218,"column":55}},"72":{"start":{"line":220,"column":6},"end":{"line":225,"column":9}},"73":{"start":{"line":227,"column":6},"end":{"line":227,"column":53}},"74":{"start":{"line":231,"column":0},"end":{"line":231,"column":24}}},"fnMap":{"0":{"name":"(anonymous_0)","decl":{"start":{"line":7,"column":64},"end":{"line":7,"column":65}},"loc":{"start":{"line":7,"column":84},"end":{"line":24,"column":1}},"line":7},"1":{"name":"(anonymous_1)","decl":{"start":{"line":27,"column":29},"end":{"line":27,"column":30}},"loc":{"start":{"line":27,"column":49},"end":{"line":62,"column":1}},"line":27},"2":{"name":"(anonymous_2)","decl":{"start":{"line":65,"column":70},"end":{"line":65,"column":71}},"loc":{"start":{"line":65,"column":90},"end":{"line":78,"column":1}},"line":65},"3":{"name":"(anonymous_3)","decl":{"start":{"line":81,"column":70},"end":{"line":81,"column":71}},"loc":{"start":{"line":81,"column":90},"end":{"line":109,"column":1}},"line":81},"4":{"name":"(anonymous_4)","decl":{"start":{"line":112,"column":32},"end":{"line":112,"column":33}},"loc":{"start":{"line":112,"column":52},"end":{"line":132,"column":1}},"line":112},"5":{"name":"(anonymous_5)","decl":{"start":{"line":135,"column":68},"end":{"line":135,"column":69}},"loc":{"start":{"line":135,"column":88},"end":{"line":164,"column":1}},"line":135},"6":{"name":"(anonymous_6)","decl":{"start":{"line":167,"column":69},"end":{"line":167,"column":70}},"loc":{"start":{"line":167,"column":89},"end":{"line":189,"column":1}},"line":167},"7":{"name":"(anonymous_7)","decl":{"start":{"line":195,"column":2},"end":{"line":195,"column":3}},"loc":{"start":{"line":195,"column":22},"end":{"line":229,"column":1}},"line":195}},"branchMap":{"0":{"loc":{"start":{"line":32,"column":6},"end":{"line":32,"column":16}},"type":"default-arg","locations":[{"start":{"line":32,"column":14},"end":{"line":32,"column":16}}],"line":32},"1":{"loc":{"start":{"line":33,"column":6},"end":{"line":33,"column":14}},"type":"default-arg","locations":[{"start":{"line":33,"column":13},"end":{"line":33,"column":14}}],"line":33},"2":{"loc":{"start":{"line":38,"column":4},"end":{"line":43,"column":5}},"type":"if","locations":[{"start":{"line":38,"column":4},"end":{"line":43,"column":5}},{"start":{},"end":{}}],"line":38},"3":{"loc":{"start":{"line":38,"column":8},"end":{"line":38,"column":28}},"type":"binary-expr","locations":[{"start":{"line":38,"column":8},"end":{"line":38,"column":17}},{"start":{"line":38,"column":21},"end":{"line":38,"column":28}}],"line":38},"4":{"loc":{"start":{"line":84,"column":12},"end":{"line":84,"column":22}},"type":"default-arg","locations":[{"start":{"line":84,"column":20},"end":{"line":84,"column":22}}],"line":84},"5":{"loc":{"start":{"line":84,"column":24},"end":{"line":84,"column":32}},"type":"default-arg","locations":[{"start":{"line":84,"column":31},"end":{"line":84,"column":32}}],"line":84},"6":{"loc":{"start":{"line":116,"column":4},"end":{"line":118,"column":5}},"type":"if","locations":[{"start":{"line":116,"column":4},"end":{"line":118,"column":5}},{"start":{},"end":{}}],"line":116},"7":{"loc":{"start":{"line":121,"column":4},"end":{"line":126,"column":5}},"type":"if","locations":[{"start":{"line":121,"column":4},"end":{"line":126,"column":5}},{"start":{},"end":{}}],"line":121},"8":{"loc":{"start":{"line":122,"column":6},"end":{"line":123,"column":33}},"type":"binary-expr","locations":[{"start":{"line":122,"column":6},"end":{"line":122,"column":57}},{"start":{"line":123,"column":6},"end":{"line":123,"column":33}}],"line":122},"9":{"loc":{"start":{"line":139,"column":4},"end":{"line":141,"column":5}},"type":"if","locations":[{"start":{"line":139,"column":4},"end":{"line":141,"column":5}},{"start":{},"end":{}}],"line":139},"10":{"loc":{"start":{"line":144,"column":4},"end":{"line":149,"column":5}},"type":"if","locations":[{"start":{"line":144,"column":4},"end":{"line":149,"column":5}},{"start":{},"end":{}}],"line":144},"11":{"loc":{"start":{"line":145,"column":6},"end":{"line":146,"column":33}},"type":"binary-expr","locations":[{"start":{"line":145,"column":6},"end":{"line":145,"column":57}},{"start":{"line":146,"column":6},"end":{"line":146,"column":33}}],"line":145},"12":{"loc":{"start":{"line":171,"column":4},"end":{"line":173,"column":5}},"type":"if","locations":[{"start":{"line":171,"column":4},"end":{"line":173,"column":5}},{"start":{},"end":{}}],"line":171},"13":{"loc":{"start":{"line":176,"column":4},"end":{"line":181,"column":5}},"type":"if","locations":[{"start":{"line":176,"column":4},"end":{"line":181,"column":5}},{"start":{},"end":{}}],"line":176},"14":{"loc":{"start":{"line":177,"column":6},"end":{"line":178,"column":33}},"type":"binary-expr","locations":[{"start":{"line":177,"column":6},"end":{"line":177,"column":57}},{"start":{"line":178,"column":6},"end":{"line":178,"column":33}}],"line":177},"15":{"loc":{"start":{"line":200,"column":8},"end":{"line":200,"column":18}},"type":"default-arg","locations":[{"start":{"line":200,"column":16},"end":{"line":200,"column":18}}],"line":200},"16":{"loc":{"start":{"line":201,"column":8},"end":{"line":201,"column":16}},"type":"default-arg","locations":[{"start":{"line":201,"column":15},"end":{"line":201,"column":16}}],"line":201},"17":{"loc":{"start":{"line":206,"column":6},"end":{"line":211,"column":7}},"type":"if","locations":[{"start":{"line":206,"column":6},"end":{"line":211,"column":7}},{"start":{},"end":{}}],"line":206},"18":{"loc":{"start":{"line":206,"column":10},"end":{"line":206,"column":30}},"type":"binary-expr","locations":[{"start":{"line":206,"column":10},"end":{"line":206,"column":19}},{"start":{"line":206,"column":23},"end":{"line":206,"column":30}}],"line":206}},"s":{"0":2,"1":2,"2":2,"3":2,"4":2,"5":1,"6":1,"7":1,"8":1,"9":1,"10":0,"11":2,"12":2,"13":2,"14":2,"15":2,"16":1,"17":2,"18":2,"19":2,"20":0,"21":2,"22":0,"23":0,"24":0,"25":0,"26":0,"27":2,"28":0,"29":0,"30":0,"31":0,"32":0,"33":0,"34":0,"35":2,"36":2,"37":2,"38":2,"39":0,"40":2,"41":0,"42":2,"43":0,"44":2,"45":2,"46":2,"47":2,"48":0,"49":2,"50":0,"51":2,"52":2,"53":0,"54":2,"55":2,"56":2,"57":2,"58":0,"59":2,"60":0,"61":2,"62":2,"63":0,"64":2,"65":0,"66":0,"67":0,"68":0,"69":0,"70":0,"71":0,"72":0,"73":0,"74":2},"f":{"0":1,"1":2,"2":0,"3":0,"4":2,"5":2,"6":2,"7":0},"b":{"0":[2],"1":[2],"2":[1,1],"3":[2,1],"4":[0],"5":[0],"6":[0,2],"7":[0,2],"8":[2,1],"9":[0,2],"10":[0,2],"11":[2,1],"12":[0,2],"13":[0,2],"14":[2,1],"15":[0],"16":[0],"17":[0,0],"18":[0,0]},"_coverageSchema":"1a1c01bbd47fc00a2c39e90264f33305004495a9","hash":"9530dd3cdb868138efa9eb51d7f9ecc4c9b4b57c"}
}
