TN:
SF:server.js
FN:22,(anonymous_0)
FN:23,(anonymous_1)
FN:35,(anonymous_2)
FN:42,(anonymous_3)
FNF:4
FNH:0
FNDA:0,(anonymous_0)
FNDA:0,(anonymous_1)
FNDA:0,(anonymous_2)
FNDA:0,(anonymous_3)
DA:1,2
DA:2,2
DA:3,2
DA:4,2
DA:7,2
DA:9,2
DA:10,2
DA:13,2
DA:14,2
DA:17,2
DA:18,0
DA:22,0
DA:23,0
DA:27,2
DA:28,2
DA:31,2
DA:32,2
DA:35,2
DA:36,0
DA:37,0
DA:41,2
DA:42,0
DA:43,0
DA:47,2
LF:24
LH:17
BRDA:10,0,0,2
BRDA:10,0,1,0
BRDA:17,1,0,0
BRDA:17,1,1,2
BRDA:41,2,0,0
BRDA:41,2,1,2
BRF:6
BRH:3
end_of_record
TN:
SF:middleware\auth.js
FN:5,(anonymous_0)
FN:28,(anonymous_1)
FN:29,(anonymous_2)
FN:43,(anonymous_3)
FNF:4
FNH:4
FNDA:12,(anonymous_0)
FNDA:10,(anonymous_1)
FNDA:5,(anonymous_2)
FNDA:23,(anonymous_3)
DA:1,2
DA:2,2
DA:5,2
DA:6,12
DA:7,12
DA:9,12
DA:10,2
DA:13,10
DA:14,10
DA:16,10
DA:17,0
DA:20,10
DA:21,10
DA:23,0
DA:28,2
DA:29,10
DA:30,5
DA:31,0
DA:34,5
DA:35,0
DA:38,5
DA:43,2
DA:44,23
DA:54,2
LF:24
LH:20
BRDA:9,0,0,2
BRDA:9,0,1,10
BRDA:16,1,0,0
BRDA:16,1,1,10
BRDA:30,2,0,0
BRDA:30,2,1,5
BRDA:34,3,0,0
BRDA:34,3,1,5
BRF:8
BRH:5
end_of_record
TN:
SF:models\User.js
FN:49,(anonymous_0)
FN:57,(anonymous_1)
FN:62,(anonymous_2)
FNF:3
FNH:3
FNDA:27,(anonymous_0)
FNDA:23,(anonymous_1)
FNDA:22,(anonymous_2)
DA:1,2
DA:2,2
DA:4,2
DA:49,2
DA:50,27
DA:51,27
DA:53,27
DA:57,2
DA:58,23
DA:62,2
DA:63,22
DA:66,2
DA:67,2
LF:13
LH:13
BRDA:50,0,0,27
BRDA:50,0,1,0
BRF:2
BRH:1
end_of_record
TN:
SF:models\Workout.js
FN:69,(anonymous_0)
FN:70,(anonymous_1)
FNF:2
FNH:0
FNDA:0,(anonymous_0)
FNDA:0,(anonymous_1)
DA:1,2
DA:3,2
DA:30,2
DA:69,2
DA:70,0
DA:71,0
DA:75,2
DA:77,2
LF:8
LH:6
BRF:0
BRH:0
end_of_record
TN:
SF:routes\auth.js
FN:7,(anonymous_0)
FN:61,(anonymous_1)
FN:102,(anonymous_2)
FN:112,(anonymous_3)
FN:131,(anonymous_4)
FNF:5
FNH:3
FNDA:2,(anonymous_0)
FNDA:23,(anonymous_1)
FNDA:1,(anonymous_2)
FNDA:0,(anonymous_3)
FNDA:0,(anonymous_4)
DA:1,2
DA:2,2
DA:3,2
DA:4,2
DA:7,2
DA:8,2
DA:16,2
DA:19,2
DA:23,2
DA:24,1
DA:30,1
DA:40,1
DA:43,1
DA:45,1
DA:56,0
DA:61,2
DA:62,23
DA:63,23
DA:66,23
DA:68,23
DA:69,0
DA:73,23
DA:75,23
DA:76,1
DA:80,22
DA:81,0
DA:85,22
DA:87,22
DA:97,0
DA:102,2
DA:103,1
DA:104,1
DA:105,1
DA:107,0
DA:112,2
DA:113,0
DA:114,0
DA:115,0
DA:121,0
DA:123,0
DA:128,2
DA:132,0
DA:133,0
DA:134,0
DA:136,0
DA:142,0
DA:143,0
DA:146,0
DA:148,0
DA:152,2
LF:50
LH:32
BRDA:13,0,0,1
BRDA:23,1,0,1
BRDA:23,1,1,1
BRDA:35,2,0,1
BRDA:35,2,1,1
BRDA:68,3,0,0
BRDA:68,3,1,23
BRDA:75,4,0,1
BRDA:75,4,1,22
BRDA:80,5,0,0
BRDA:80,5,1,22
BRDA:142,6,0,0
BRDA:142,6,1,0
BRF:13
BRH:9
end_of_record
TN:
SF:routes\workouts.js
FN:7,(anonymous_0)
FN:27,(anonymous_1)
FN:64,(anonymous_2)
FN:87,(anonymous_3)
FN:119,(anonymous_4)
FN:147,(anonymous_5)
FNF:6
FNH:5
FNDA:1,(anonymous_0)
FNDA:2,(anonymous_1)
FNDA:2,(anonymous_2)
FNDA:2,(anonymous_3)
FNDA:2,(anonymous_4)
FNDA:0,(anonymous_5)
DA:1,2
DA:2,2
DA:3,2
DA:4,2
DA:7,2
DA:8,1
DA:9,1
DA:14,1
DA:15,1
DA:17,1
DA:22,0
DA:27,2
DA:28,2
DA:34,2
DA:36,2
DA:38,2
DA:39,1
DA:45,2
DA:50,2
DA:52,2
DA:59,0
DA:64,2
DA:65,2
DA:66,2
DA:68,2
DA:69,0
DA:73,2
DA:77,0
DA:80,2
DA:82,0
DA:87,2
DA:88,2
DA:89,2
DA:91,2
DA:92,0
DA:96,2
DA:100,0
DA:103,2
DA:109,2
DA:114,0
DA:119,2
DA:120,2
DA:121,2
DA:123,2
DA:124,0
DA:128,2
DA:132,0
DA:135,2
DA:137,2
DA:139,0
DA:144,2
DA:148,0
DA:154,0
DA:156,0
DA:158,0
DA:159,0
DA:165,0
DA:170,0
DA:172,0
DA:179,0
DA:183,2
LF:61
LH:41
BRDA:32,0,0,2
BRDA:33,1,0,2
BRDA:38,2,0,1
BRDA:38,2,1,1
BRDA:38,3,0,2
BRDA:38,3,1,1
BRDA:68,4,0,0
BRDA:68,4,1,2
BRDA:73,5,0,0
BRDA:73,5,1,2
BRDA:74,6,0,2
BRDA:74,6,1,1
BRDA:91,7,0,0
BRDA:91,7,1,2
BRDA:96,8,0,0
BRDA:96,8,1,2
BRDA:97,9,0,2
BRDA:97,9,1,1
BRDA:123,10,0,0
BRDA:123,10,1,2
BRDA:128,11,0,0
BRDA:128,11,1,2
BRDA:129,12,0,2
BRDA:129,12,1,1
BRDA:152,13,0,0
BRDA:153,14,0,0
BRDA:158,15,0,0
BRDA:158,15,1,0
BRDA:158,16,0,0
BRDA:158,16,1,0
BRF:30
BRH:18
end_of_record
