TN:
SF:server.js
FN:19,(anonymous_0)
FN:32,(anonymous_1)
FN:33,(anonymous_2)
FN:45,(anonymous_3)
FN:52,(anonymous_4)
FNF:5
FNH:1
FNDA:37,(anonymous_0)
FNDA:0,(anonymous_1)
FNDA:0,(anonymous_2)
FNDA:0,(anonymous_3)
FNDA:0,(anonymous_4)
DA:1,2
DA:2,2
DA:3,2
DA:4,2
DA:7,2
DA:9,2
DA:10,2
DA:13,2
DA:18,2
DA:19,2
DA:20,37
DA:21,37
DA:25,2
DA:26,0
DA:32,0
DA:33,0
DA:37,2
DA:38,2
DA:41,2
DA:42,2
DA:45,2
DA:46,0
DA:47,0
DA:51,2
DA:52,0
DA:53,0
DA:57,2
LF:27
LH:20
BRDA:10,0,0,2
BRDA:10,0,1,0
BRDA:25,1,0,0
BRDA:25,1,1,2
BRDA:51,2,0,0
BRDA:51,2,1,2
BRF:6
BRH:3
end_of_record
TN:
SF:middleware\auth.js
FN:5,(anonymous_0)
FN:28,(anonymous_1)
FN:29,(anonymous_2)
FN:43,(anonymous_3)
FNF:4
FNH:4
FNDA:12,(anonymous_0)
FNDA:14,(anonymous_1)
FNDA:5,(anonymous_2)
FNDA:23,(anonymous_3)
DA:1,2
DA:2,2
DA:5,2
DA:6,12
DA:7,12
DA:9,12
DA:10,2
DA:13,10
DA:14,10
DA:16,10
DA:17,0
DA:20,10
DA:21,10
DA:23,0
DA:28,2
DA:29,14
DA:30,5
DA:31,0
DA:34,5
DA:35,0
DA:38,5
DA:43,2
DA:44,23
DA:54,2
LF:24
LH:20
BRDA:9,0,0,2
BRDA:9,0,1,10
BRDA:16,1,0,0
BRDA:16,1,1,10
BRDA:30,2,0,0
BRDA:30,2,1,5
BRDA:34,3,0,0
BRDA:34,3,1,5
BRF:8
BRH:5
end_of_record
TN:
SF:models\User.js
FN:49,(anonymous_0)
FN:57,(anonymous_1)
FN:62,(anonymous_2)
FNF:3
FNH:3
FNDA:27,(anonymous_0)
FNDA:23,(anonymous_1)
FNDA:22,(anonymous_2)
DA:1,2
DA:2,2
DA:4,2
DA:49,2
DA:50,27
DA:51,27
DA:53,27
DA:57,2
DA:58,23
DA:62,2
DA:63,22
DA:66,2
DA:67,2
LF:13
LH:13
BRDA:50,0,0,27
BRDA:50,0,1,0
BRF:2
BRH:1
end_of_record
TN:
SF:models\Workout.js
FN:87,(anonymous_0)
FN:88,(anonymous_1)
FNF:2
FNH:0
FNDA:0,(anonymous_0)
FNDA:0,(anonymous_1)
DA:1,2
DA:3,2
DA:30,2
DA:87,2
DA:88,0
DA:89,0
DA:93,2
DA:95,2
LF:8
LH:6
BRF:0
BRH:0
end_of_record
TN:
SF:routes\auth.js
FN:7,(anonymous_0)
FN:61,(anonymous_1)
FN:109,(anonymous_2)
FN:119,(anonymous_3)
FN:138,(anonymous_4)
FNF:5
FNH:3
FNDA:2,(anonymous_0)
FNDA:23,(anonymous_1)
FNDA:1,(anonymous_2)
FNDA:0,(anonymous_3)
FNDA:0,(anonymous_4)
DA:1,2
DA:2,2
DA:3,2
DA:4,2
DA:7,2
DA:8,2
DA:16,2
DA:19,2
DA:23,2
DA:24,1
DA:30,1
DA:40,1
DA:43,1
DA:45,1
DA:56,0
DA:61,2
DA:62,23
DA:63,23
DA:66,23
DA:68,23
DA:69,0
DA:73,23
DA:75,23
DA:76,1
DA:80,22
DA:81,0
DA:87,22
DA:88,0
DA:92,22
DA:94,22
DA:104,0
DA:109,2
DA:110,1
DA:111,1
DA:112,1
DA:114,0
DA:119,2
DA:120,0
DA:121,0
DA:122,0
DA:128,0
DA:130,0
DA:135,2
DA:139,0
DA:140,0
DA:141,0
DA:143,0
DA:149,0
DA:150,0
DA:153,0
DA:155,0
DA:159,2
LF:52
LH:33
BRDA:13,0,0,1
BRDA:23,1,0,1
BRDA:23,1,1,1
BRDA:35,2,0,1
BRDA:35,2,1,1
BRDA:68,3,0,0
BRDA:68,3,1,23
BRDA:75,4,0,1
BRDA:75,4,1,22
BRDA:80,5,0,0
BRDA:80,5,1,22
BRDA:80,6,0,22
BRDA:80,6,1,0
BRDA:87,7,0,0
BRDA:87,7,1,22
BRDA:149,8,0,0
BRDA:149,8,1,0
BRF:17
BRH:11
end_of_record
TN:
SF:routes\workouts.js
FN:7,(anonymous_0)
FN:27,(anonymous_1)
FN:65,(anonymous_2)
FN:81,(anonymous_3)
FN:112,(anonymous_4)
FN:135,(anonymous_5)
FN:167,(anonymous_6)
FN:195,(anonymous_7)
FNF:8
FNH:5
FNDA:1,(anonymous_0)
FNDA:2,(anonymous_1)
FNDA:0,(anonymous_2)
FNDA:0,(anonymous_3)
FNDA:2,(anonymous_4)
FNDA:2,(anonymous_5)
FNDA:2,(anonymous_6)
FNDA:0,(anonymous_7)
DA:1,2
DA:2,2
DA:3,2
DA:4,2
DA:7,2
DA:8,1
DA:9,1
DA:14,1
DA:15,1
DA:17,1
DA:22,0
DA:27,2
DA:28,2
DA:34,2
DA:36,2
DA:38,2
DA:39,1
DA:45,2
DA:51,2
DA:53,2
DA:60,0
DA:65,2
DA:66,0
DA:67,0
DA:69,0
DA:74,0
DA:76,0
DA:81,2
DA:82,0
DA:83,0
DA:84,0
DA:86,0
DA:95,0
DA:100,0
DA:107,0
DA:112,2
DA:113,2
DA:114,2
DA:116,2
DA:117,0
DA:121,2
DA:125,0
DA:128,2
DA:130,0
DA:135,2
DA:136,2
DA:137,2
DA:139,2
DA:140,0
DA:144,2
DA:148,0
DA:151,2
DA:157,2
DA:162,0
DA:167,2
DA:168,2
DA:169,2
DA:171,2
DA:172,0
DA:176,2
DA:180,0
DA:183,2
DA:185,2
DA:187,0
DA:192,2
DA:196,0
DA:202,0
DA:204,0
DA:206,0
DA:207,0
DA:213,0
DA:218,0
DA:220,0
DA:227,0
DA:231,2
LF:75
LH:43
BRDA:32,0,0,2
BRDA:33,1,0,2
BRDA:38,2,0,1
BRDA:38,2,1,1
BRDA:38,3,0,2
BRDA:38,3,1,1
BRDA:84,4,0,0
BRDA:84,5,0,0
BRDA:116,6,0,0
BRDA:116,6,1,2
BRDA:121,7,0,0
BRDA:121,7,1,2
BRDA:122,8,0,2
BRDA:122,8,1,1
BRDA:139,9,0,0
BRDA:139,9,1,2
BRDA:144,10,0,0
BRDA:144,10,1,2
BRDA:145,11,0,2
BRDA:145,11,1,1
BRDA:171,12,0,0
BRDA:171,12,1,2
BRDA:176,13,0,0
BRDA:176,13,1,2
BRDA:177,14,0,2
BRDA:177,14,1,1
BRDA:200,15,0,0
BRDA:201,16,0,0
BRDA:206,17,0,0
BRDA:206,17,1,0
BRDA:206,18,0,0
BRDA:206,18,1,0
BRF:32
BRH:18
end_of_record
